<testsuite failures="1" name="com/sample/rest/apis/GetCreatedUserPaymentById.feature" skipped="0" tests="1" time="0.032136">
  <testcase classname="com.sample.rest.apis.GetCreatedUserPaymentById" name="Fetch user payment details by Id of REST APIs" time="0.032136">
    <failure message="GetCreatedUserPaymentById.feature:9 - evaluation (js) failed: 'https://sample-4e6d.restdb.io/rest/payments/'+id, ReferenceError: &quot;id&quot; is not defined in &lt;eval&gt; at line number 1">* call read('classpath:reusable.feature') ................................. passed
Given url 'https://sample-4e6d.restdb.io/rest/payments/'+id ............... failed

Stack Trace:
com.intuit.karate.exception.KarateException: GetCreatedUserPaymentById.feature:9 - evaluation (js) failed: 'https://sample-4e6d.restdb.io/rest/payments/'+id, ReferenceError: "id" is not defined in &lt;eval&gt; at line number 1&#13;
	at âœ½.Given url 'https://sample-4e6d.restdb.io/rest/payments/'+id (GetCreatedUserPaymentById.feature:9)&#13;

And header x-apikey = '9677194df0cd556c1bb2f9aeee86c7e218482' ............. skipped
When method get ........................................................... skipped
Then status 200 ........................................................... skipped
* print 'response : '+response ............................................ skipped</failure>
  </testcase>
</testsuite>
